<?xml version="1.0" encoding="UTF-8"?>
<testng-results skipped="0" failed="0" total="2" passed="2">
  <reporter-output>
    <line>
      <![CDATA[The 'add employee' form is displayed.]]>
    </line>
    <line>
      <![CDATA[The new employee was created.]]>
    </line>
    <line>
      <![CDATA[The employee was not found in the employee table.]]>
    </line>
    <line>
      <![CDATA[Direct reports was selected in the drop down menu on the managers page.]]>
    </line>
    <line>
      <![CDATA[The employee was found in the managers table.]]>
    </line>
  </reporter-output>
  <suite name="Default suite" duration-ms="24013" started-at="2017-03-30T19:50:01Z" finished-at="2017-03-30T19:50:25Z">
    <groups>
    </groups>
    <test name="Default test" duration-ms="24013" started-at="2017-03-30T19:50:01Z" finished-at="2017-03-30T19:50:25Z">
      <class name="at.bluesourceproject.exercisetwo.Employee">
        <test-method status="PASS" signature="createEmployee()[pri:0, instance:at.bluesourceproject.exercisetwo.Employee@2a5ca609]" name="createEmployee" duration-ms="15002" started-at="2017-03-30T15:50:01Z" finished-at="2017-03-30T15:50:16Z">
          <reporter-output>
            <line>
              <![CDATA[The 'add employee' form is displayed.]]>
            </line>
            <line>
              <![CDATA[The new employee was created.]]>
            </line>
            <line>
              <![CDATA[The employee was not found in the employee table.]]>
            </line>
          </reporter-output>
        </test-method> <!-- createEmployee -->
        <test-method status="PASS" signature="employeeReportsToMgr()[pri:0, instance:at.bluesourceproject.exercisetwo.Employee@2a5ca609]" name="employeeReportsToMgr" duration-ms="8979" started-at="2017-03-30T15:50:16Z" depends-on-methods="at.bluesourceproject.exercisetwo.Employee.createEmployee" finished-at="2017-03-30T15:50:25Z">
          <reporter-output>
            <line>
              <![CDATA[Direct reports was selected in the drop down menu on the managers page.]]>
            </line>
            <line>
              <![CDATA[The employee was found in the managers table.]]>
            </line>
          </reporter-output>
        </test-method> <!-- employeeReportsToMgr -->
      </class> <!-- at.bluesourceproject.exercisetwo.Employee -->
    </test> <!-- Default test -->
  </suite> <!-- Default suite -->
</testng-results>
