<?xml version="1.0" encoding="UTF-8"?>
<!-- Generated by org.testng.reporters.JUnitXMLReporter -->
<testsuite hostname="Alissa-PC" name="demo" tests="5" failures="0" timestamp="31 Mar 2017 14:05:42 GMT" time="36.046" errors="0">
  <testcase name="failAddDepartments" time="20.787" classname="at.bluesourceproject.exercisetwo.Department"/>
  <testcase name="createDepartment" time="3.424" classname="at.bluesourceproject.exercisetwo.Department"/>
  <testcase name="failUpdateDept" time="2.522" classname="at.bluesourceproject.exercisetwo.Department"/>
  <testcase name="updateDepartment" time="2.785" classname="at.bluesourceproject.exercisetwo.Department"/>
  <testcase name="deleteDepartment" time="6.505" classname="at.bluesourceproject.exercisetwo.Department"/>
</testsuite> <!-- demo -->
