<?xml version="1.0" encoding="UTF-8"?>
<!-- Generated by org.testng.reporters.JUnitXMLReporter -->
<testsuite hostname="Alissa-PC" name="Default test" tests="5" failures="0" timestamp="29 Mar 2017 15:39:17 GMT" time="22.448" errors="0">
  <testcase name="failAddTitle" time="9.864" classname="at.bluesourceproject.exercisetwo.Title"/>
  <testcase name="addTitle" time="1.626" classname="at.bluesourceproject.exercisetwo.Title"/>
  <testcase name="failUpdateTitle" time="1.777" classname="at.bluesourceproject.exercisetwo.Title"/>
  <testcase name="updateTitle" time="2.513" classname="at.bluesourceproject.exercisetwo.Title"/>
  <testcase name="deleteTitle" time="6.652" classname="at.bluesourceproject.exercisetwo.Title"/>
</testsuite> <!-- Default test -->
